<?xml version="1.0" encoding="UTF-8"?>
<testng-results skipped="0" failed="0" total="1" passed="1">
  <reporter-output>
  </reporter-output>
  <suite name="Default suite" duration-ms="43241" started-at="2016-08-30T06:14:52Z" finished-at="2016-08-30T06:15:35Z">
    <groups>
    </groups>
    <test name="Default test" duration-ms="43241" started-at="2016-08-30T06:14:52Z" finished-at="2016-08-30T06:15:35Z">
      <class name="mul_win.Datepicker12">
        <test-method status="PASS" signature="f()[pri:0, instance:mul_win.Datepicker12@71ee2072]" name="f" duration-ms="43194" started-at="2016-08-30T11:44:52Z" finished-at="2016-08-30T11:45:35Z">
          <reporter-output>
          </reporter-output>
        </test-method> <!-- f -->
      </class> <!-- mul_win.Datepicker12 -->
    </test> <!-- Default test -->
  </suite> <!-- Default suite -->
</testng-results>
